0 info it worked if it ends with ok
1 verbose cli [ 'node', '/usr/local/bin/npm', 'install' ]
2 info using npm@1.4.28
3 info using node@v0.10.32
4 verbose readDependencies using package.json deps
5 verbose install where, deps [ '/Users/VV/Documents/Development/tryexpress/tryexpress',
5 verbose install   [ 'express',
5 verbose install     'body-parser',
5 verbose install     'cookie-parser',
5 verbose install     'morgan',
5 verbose install     'serve-favicon',
5 verbose install     'debug',
5 verbose install     'jade' ] ]
6 info preinstall tryexpress@0.0.0
7 verbose readDependencies using package.json deps
8 verbose cache add [ 'express@~4.9.0', null ]
9 verbose cache add name=undefined spec="express@~4.9.0" args=["express@~4.9.0",null]
10 verbose parsed url { protocol: null,
10 verbose parsed url   slashes: null,
10 verbose parsed url   auth: null,
10 verbose parsed url   host: null,
10 verbose parsed url   port: null,
10 verbose parsed url   hostname: null,
10 verbose parsed url   hash: null,
10 verbose parsed url   search: null,
10 verbose parsed url   query: null,
10 verbose parsed url   pathname: 'express@~4.9.0',
10 verbose parsed url   path: 'express@~4.9.0',
10 verbose parsed url   href: 'express@~4.9.0' }
11 verbose cache add [ 'body-parser@~1.8.1', null ]
12 verbose cache add name=undefined spec="body-parser@~1.8.1" args=["body-parser@~1.8.1",null]
13 verbose parsed url { protocol: null,
13 verbose parsed url   slashes: null,
13 verbose parsed url   auth: null,
13 verbose parsed url   host: null,
13 verbose parsed url   port: null,
13 verbose parsed url   hostname: null,
13 verbose parsed url   hash: null,
13 verbose parsed url   search: null,
13 verbose parsed url   query: null,
13 verbose parsed url   pathname: 'body-parser@~1.8.1',
13 verbose parsed url   path: 'body-parser@~1.8.1',
13 verbose parsed url   href: 'body-parser@~1.8.1' }
14 verbose cache add [ 'cookie-parser@~1.3.3', null ]
15 verbose cache add name=undefined spec="cookie-parser@~1.3.3" args=["cookie-parser@~1.3.3",null]
16 verbose parsed url { protocol: null,
16 verbose parsed url   slashes: null,
16 verbose parsed url   auth: null,
16 verbose parsed url   host: null,
16 verbose parsed url   port: null,
16 verbose parsed url   hostname: null,
16 verbose parsed url   hash: null,
16 verbose parsed url   search: null,
16 verbose parsed url   query: null,
16 verbose parsed url   pathname: 'cookie-parser@~1.3.3',
16 verbose parsed url   path: 'cookie-parser@~1.3.3',
16 verbose parsed url   href: 'cookie-parser@~1.3.3' }
17 verbose cache add name="express" spec="~4.9.0" args=["express","~4.9.0"]
18 verbose parsed url { protocol: null,
18 verbose parsed url   slashes: null,
18 verbose parsed url   auth: null,
18 verbose parsed url   host: null,
18 verbose parsed url   port: null,
18 verbose parsed url   hostname: null,
18 verbose parsed url   hash: null,
18 verbose parsed url   search: null,
18 verbose parsed url   query: null,
18 verbose parsed url   pathname: '~4.9.0',
18 verbose parsed url   path: '~4.9.0',
18 verbose parsed url   href: '~4.9.0' }
19 verbose addNamed [ 'express', '~4.9.0' ]
20 verbose addNamed [ null, '>=4.9.0-0 <4.10.0-0' ]
21 verbose cache add name="body-parser" spec="~1.8.1" args=["body-parser","~1.8.1"]
22 verbose parsed url { protocol: null,
22 verbose parsed url   slashes: null,
22 verbose parsed url   auth: null,
22 verbose parsed url   host: null,
22 verbose parsed url   port: null,
22 verbose parsed url   hostname: null,
22 verbose parsed url   hash: null,
22 verbose parsed url   search: null,
22 verbose parsed url   query: null,
22 verbose parsed url   pathname: '~1.8.1',
22 verbose parsed url   path: '~1.8.1',
22 verbose parsed url   href: '~1.8.1' }
23 verbose addNamed [ 'body-parser', '~1.8.1' ]
24 verbose addNamed [ null, '>=1.8.1-0 <1.9.0-0' ]
25 verbose cache add name="cookie-parser" spec="~1.3.3" args=["cookie-parser","~1.3.3"]
26 verbose parsed url { protocol: null,
26 verbose parsed url   slashes: null,
26 verbose parsed url   auth: null,
26 verbose parsed url   host: null,
26 verbose parsed url   port: null,
26 verbose parsed url   hostname: null,
26 verbose parsed url   hash: null,
26 verbose parsed url   search: null,
26 verbose parsed url   query: null,
26 verbose parsed url   pathname: '~1.3.3',
26 verbose parsed url   path: '~1.3.3',
26 verbose parsed url   href: '~1.3.3' }
27 verbose addNamed [ 'cookie-parser', '~1.3.3' ]
28 verbose addNamed [ null, '>=1.3.3-0 <1.4.0-0' ]
29 verbose cache add [ 'morgan@~1.3.0', null ]
30 verbose cache add name=undefined spec="morgan@~1.3.0" args=["morgan@~1.3.0",null]
31 verbose parsed url { protocol: null,
31 verbose parsed url   slashes: null,
31 verbose parsed url   auth: null,
31 verbose parsed url   host: null,
31 verbose parsed url   port: null,
31 verbose parsed url   hostname: null,
31 verbose parsed url   hash: null,
31 verbose parsed url   search: null,
31 verbose parsed url   query: null,
31 verbose parsed url   pathname: 'morgan@~1.3.0',
31 verbose parsed url   path: 'morgan@~1.3.0',
31 verbose parsed url   href: 'morgan@~1.3.0' }
32 verbose cache add [ 'serve-favicon@~2.1.3', null ]
33 verbose cache add name=undefined spec="serve-favicon@~2.1.3" args=["serve-favicon@~2.1.3",null]
34 verbose parsed url { protocol: null,
34 verbose parsed url   slashes: null,
34 verbose parsed url   auth: null,
34 verbose parsed url   host: null,
34 verbose parsed url   port: null,
34 verbose parsed url   hostname: null,
34 verbose parsed url   hash: null,
34 verbose parsed url   search: null,
34 verbose parsed url   query: null,
34 verbose parsed url   pathname: 'serve-favicon@~2.1.3',
34 verbose parsed url   path: 'serve-favicon@~2.1.3',
34 verbose parsed url   href: 'serve-favicon@~2.1.3' }
35 verbose cache add [ 'debug@~2.0.0', null ]
36 verbose cache add name=undefined spec="debug@~2.0.0" args=["debug@~2.0.0",null]
37 verbose parsed url { protocol: null,
37 verbose parsed url   slashes: null,
37 verbose parsed url   auth: null,
37 verbose parsed url   host: null,
37 verbose parsed url   port: null,
37 verbose parsed url   hostname: null,
37 verbose parsed url   hash: null,
37 verbose parsed url   search: null,
37 verbose parsed url   query: null,
37 verbose parsed url   pathname: 'debug@~2.0.0',
37 verbose parsed url   path: 'debug@~2.0.0',
37 verbose parsed url   href: 'debug@~2.0.0' }
38 silly lockFile 6ae7fa08-express-4-9-0 express@~4.9.0
39 verbose lock express@~4.9.0 /Users/VV/.npm/6ae7fa08-express-4-9-0.lock
40 silly lockFile a49948c1-body-parser-1-8-1 body-parser@~1.8.1
41 verbose lock body-parser@~1.8.1 /Users/VV/.npm/a49948c1-body-parser-1-8-1.lock
42 silly lockFile bf5babd8-cookie-parser-1-3-3 cookie-parser@~1.3.3
43 verbose lock cookie-parser@~1.3.3 /Users/VV/.npm/bf5babd8-cookie-parser-1-3-3.lock
44 verbose cache add name="morgan" spec="~1.3.0" args=["morgan","~1.3.0"]
45 verbose parsed url { protocol: null,
45 verbose parsed url   slashes: null,
45 verbose parsed url   auth: null,
45 verbose parsed url   host: null,
45 verbose parsed url   port: null,
45 verbose parsed url   hostname: null,
45 verbose parsed url   hash: null,
45 verbose parsed url   search: null,
45 verbose parsed url   query: null,
45 verbose parsed url   pathname: '~1.3.0',
45 verbose parsed url   path: '~1.3.0',
45 verbose parsed url   href: '~1.3.0' }
46 verbose addNamed [ 'morgan', '~1.3.0' ]
47 verbose addNamed [ null, '>=1.3.0-0 <1.4.0-0' ]
48 silly lockFile a4a9bdf4-morgan-1-3-0 morgan@~1.3.0
49 verbose lock morgan@~1.3.0 /Users/VV/.npm/a4a9bdf4-morgan-1-3-0.lock
50 verbose cache add name="serve-favicon" spec="~2.1.3" args=["serve-favicon","~2.1.3"]
51 verbose parsed url { protocol: null,
51 verbose parsed url   slashes: null,
51 verbose parsed url   auth: null,
51 verbose parsed url   host: null,
51 verbose parsed url   port: null,
51 verbose parsed url   hostname: null,
51 verbose parsed url   hash: null,
51 verbose parsed url   search: null,
51 verbose parsed url   query: null,
51 verbose parsed url   pathname: '~2.1.3',
51 verbose parsed url   path: '~2.1.3',
51 verbose parsed url   href: '~2.1.3' }
52 verbose addNamed [ 'serve-favicon', '~2.1.3' ]
53 verbose addNamed [ null, '>=2.1.3-0 <2.2.0-0' ]
54 silly lockFile 38295489-serve-favicon-2-1-3 serve-favicon@~2.1.3
55 verbose lock serve-favicon@~2.1.3 /Users/VV/.npm/38295489-serve-favicon-2-1-3.lock
56 verbose cache add name="debug" spec="~2.0.0" args=["debug","~2.0.0"]
57 verbose parsed url { protocol: null,
57 verbose parsed url   slashes: null,
57 verbose parsed url   auth: null,
57 verbose parsed url   host: null,
57 verbose parsed url   port: null,
57 verbose parsed url   hostname: null,
57 verbose parsed url   hash: null,
57 verbose parsed url   search: null,
57 verbose parsed url   query: null,
57 verbose parsed url   pathname: '~2.0.0',
57 verbose parsed url   path: '~2.0.0',
57 verbose parsed url   href: '~2.0.0' }
58 verbose addNamed [ 'debug', '~2.0.0' ]
59 verbose addNamed [ null, '>=2.0.0-0 <2.1.0-0' ]
60 silly lockFile 12b6356d-debug-2-0-0 debug@~2.0.0
61 verbose lock debug@~2.0.0 /Users/VV/.npm/12b6356d-debug-2-0-0.lock
62 verbose cache add [ 'jade@~1.6.0', null ]
63 verbose cache add name=undefined spec="jade@~1.6.0" args=["jade@~1.6.0",null]
64 verbose parsed url { protocol: null,
64 verbose parsed url   slashes: null,
64 verbose parsed url   auth: null,
64 verbose parsed url   host: null,
64 verbose parsed url   port: null,
64 verbose parsed url   hostname: null,
64 verbose parsed url   hash: null,
64 verbose parsed url   search: null,
64 verbose parsed url   query: null,
64 verbose parsed url   pathname: 'jade@~1.6.0',
64 verbose parsed url   path: 'jade@~1.6.0',
64 verbose parsed url   href: 'jade@~1.6.0' }
65 verbose cache add name="jade" spec="~1.6.0" args=["jade","~1.6.0"]
66 verbose parsed url { protocol: null,
66 verbose parsed url   slashes: null,
66 verbose parsed url   auth: null,
66 verbose parsed url   host: null,
66 verbose parsed url   port: null,
66 verbose parsed url   hostname: null,
66 verbose parsed url   hash: null,
66 verbose parsed url   search: null,
66 verbose parsed url   query: null,
66 verbose parsed url   pathname: '~1.6.0',
66 verbose parsed url   path: '~1.6.0',
66 verbose parsed url   href: '~1.6.0' }
67 verbose addNamed [ 'jade', '~1.6.0' ]
68 verbose addNamed [ null, '>=1.6.0-0 <1.7.0-0' ]
69 silly lockFile ad8c17a8-jade-1-6-0 jade@~1.6.0
70 verbose lock jade@~1.6.0 /Users/VV/.npm/ad8c17a8-jade-1-6-0.lock
71 silly addNameRange { name: 'express', range: '>=4.9.0-0 <4.10.0-0', hasData: false }
72 silly addNameRange { name: 'body-parser',
72 silly addNameRange   range: '>=1.8.1-0 <1.9.0-0',
72 silly addNameRange   hasData: false }
73 silly addNameRange { name: 'cookie-parser',
73 silly addNameRange   range: '>=1.3.3-0 <1.4.0-0',
73 silly addNameRange   hasData: false }
74 silly addNameRange { name: 'morgan', range: '>=1.3.0-0 <1.4.0-0', hasData: false }
75 silly addNameRange { name: 'serve-favicon',
75 silly addNameRange   range: '>=2.1.3-0 <2.2.0-0',
75 silly addNameRange   hasData: false }
76 silly addNameRange { name: 'debug', range: '>=2.0.0-0 <2.1.0-0', hasData: false }
77 silly addNameRange { name: 'jade', range: '>=1.6.0-0 <1.7.0-0', hasData: false }
78 verbose request where is /body-parser
79 verbose request registry https://registry.npmjs.org/
80 verbose request id cf0cd467436bb552
81 verbose url raw /body-parser
82 verbose url resolving [ 'https://registry.npmjs.org/', './body-parser' ]
83 verbose url resolved https://registry.npmjs.org/body-parser
84 verbose request where is https://registry.npmjs.org/body-parser
85 info trying registry request attempt 1 at 23:47:42
86 verbose etag "6H78ALJN535B9H0WANI691DPE"
87 http GET https://registry.npmjs.org/body-parser
88 verbose request where is /cookie-parser
89 verbose request registry https://registry.npmjs.org/
90 verbose url raw /cookie-parser
91 verbose url resolving [ 'https://registry.npmjs.org/', './cookie-parser' ]
92 verbose url resolved https://registry.npmjs.org/cookie-parser
93 verbose request where is https://registry.npmjs.org/cookie-parser
94 info trying registry request attempt 1 at 23:47:42
95 verbose etag "D2I21Z55J0M83YHA636O1DW9K"
96 http GET https://registry.npmjs.org/cookie-parser
97 verbose request where is /morgan
98 verbose request registry https://registry.npmjs.org/
99 verbose url raw /morgan
100 verbose url resolving [ 'https://registry.npmjs.org/', './morgan' ]
101 verbose url resolved https://registry.npmjs.org/morgan
102 verbose request where is https://registry.npmjs.org/morgan
103 info trying registry request attempt 1 at 23:47:42
104 verbose etag "845YH9YY93XXM0OJZYG6I3IRQ"
105 http GET https://registry.npmjs.org/morgan
106 verbose request where is /express
107 verbose request registry https://registry.npmjs.org/
108 verbose url raw /express
109 verbose url resolving [ 'https://registry.npmjs.org/', './express' ]
110 verbose url resolved https://registry.npmjs.org/express
111 verbose request where is https://registry.npmjs.org/express
112 info trying registry request attempt 1 at 23:47:42
113 verbose etag "3RXHR8L164IFCR5TFRCM2E931"
114 http GET https://registry.npmjs.org/express
115 verbose request where is /serve-favicon
116 verbose request registry https://registry.npmjs.org/
117 verbose url raw /serve-favicon
118 verbose url resolving [ 'https://registry.npmjs.org/', './serve-favicon' ]
119 verbose url resolved https://registry.npmjs.org/serve-favicon
120 verbose request where is https://registry.npmjs.org/serve-favicon
121 info trying registry request attempt 1 at 23:47:42
122 verbose etag "DQNCEOV1TU804V1DNRWACLPFP"
123 http GET https://registry.npmjs.org/serve-favicon
124 verbose request where is /debug
125 verbose request registry https://registry.npmjs.org/
126 verbose url raw /debug
127 verbose url resolving [ 'https://registry.npmjs.org/', './debug' ]
128 verbose url resolved https://registry.npmjs.org/debug
129 verbose request where is https://registry.npmjs.org/debug
130 info trying registry request attempt 1 at 23:47:42
131 verbose etag "5B90JMYYSU8ORPDNSDEMHWRPJ"
132 http GET https://registry.npmjs.org/debug
133 verbose request where is /jade
134 verbose request registry https://registry.npmjs.org/
135 verbose url raw /jade
136 verbose url resolving [ 'https://registry.npmjs.org/', './jade' ]
137 verbose url resolved https://registry.npmjs.org/jade
138 verbose request where is https://registry.npmjs.org/jade
139 info trying registry request attempt 1 at 23:47:42
140 verbose etag "574TTA7U5CJE1ZXHJE2S286DB"
141 http GET https://registry.npmjs.org/jade
142 http 304 https://registry.npmjs.org/express
143 silly registry.get cb [ 304,
143 silly registry.get   { date: 'Fri, 24 Oct 2014 03:47:42 GMT',
143 silly registry.get     server: 'Apache',
143 silly registry.get     via: '1.1 varnish',
143 silly registry.get     'last-modified': 'Fri, 24 Oct 2014 03:44:51 GMT',
143 silly registry.get     'cache-control': 'max-age=60',
143 silly registry.get     etag: '"3RXHR8L164IFCR5TFRCM2E931"',
143 silly registry.get     age: '2',
143 silly registry.get     'x-served-by': 'cache-dfw1822-DFW',
143 silly registry.get     'x-cache': 'HIT',
143 silly registry.get     'x-cache-hits': '6',
143 silly registry.get     'x-timer': 'S1414122462.845612,VS0,VE0',
143 silly registry.get     vary: 'Accept',
143 silly registry.get     'content-length': '0',
143 silly registry.get     'keep-alive': 'timeout=10, max=50',
143 silly registry.get     connection: 'Keep-Alive' } ]
144 verbose etag https://registry.npmjs.org/express from cache
145 http 304 https://registry.npmjs.org/body-parser
146 silly registry.get cb [ 304,
146 silly registry.get   { date: 'Fri, 24 Oct 2014 03:47:42 GMT',
146 silly registry.get     server: 'Apache',
146 silly registry.get     via: '1.1 varnish',
146 silly registry.get     'last-modified': 'Fri, 24 Oct 2014 03:47:42 GMT',
146 silly registry.get     'cache-control': 'max-age=60',
146 silly registry.get     etag: '"6H78ALJN535B9H0WANI691DPE"',
146 silly registry.get     age: '7',
146 silly registry.get     'x-served-by': 'cache-dfw1835-DFW',
146 silly registry.get     'x-cache': 'HIT',
146 silly registry.get     'x-cache-hits': '1',
146 silly registry.get     'x-timer': 'S1414122462.848198,VS0,VE0',
146 silly registry.get     vary: 'Accept',
146 silly registry.get     'content-length': '0',
146 silly registry.get     'keep-alive': 'timeout=10, max=50',
146 silly registry.get     connection: 'Keep-Alive' } ]
147 verbose etag https://registry.npmjs.org/body-parser from cache
148 silly addNameRange number 2 { name: 'express', range: '>=4.9.0-0 <4.10.0-0', hasData: true }
149 silly addNameRange versions [ 'express',
149 silly addNameRange   [ '0.14.0',
149 silly addNameRange     '0.14.1',
149 silly addNameRange     '1.0.0',
149 silly addNameRange     '1.0.1',
149 silly addNameRange     '1.0.2',
149 silly addNameRange     '1.0.3',
149 silly addNameRange     '1.0.4',
149 silly addNameRange     '1.0.5',
149 silly addNameRange     '1.0.6',
149 silly addNameRange     '1.0.7',
149 silly addNameRange     '1.0.8',
149 silly addNameRange     '2.0.0',
149 silly addNameRange     '2.1.0',
149 silly addNameRange     '2.1.1',
149 silly addNameRange     '2.2.0',
149 silly addNameRange     '2.2.1',
149 silly addNameRange     '2.2.2',
149 silly addNameRange     '2.3.0',
149 silly addNameRange     '2.3.1',
149 silly addNameRange     '2.3.2',
149 silly addNameRange     '2.3.3',
149 silly addNameRange     '2.3.4',
149 silly addNameRange     '2.3.5',
149 silly addNameRange     '2.3.6',
149 silly addNameRange     '2.3.7',
149 silly addNameRange     '2.3.8',
149 silly addNameRange     '2.3.9',
149 silly addNameRange     '2.3.10',
149 silly addNameRange     '2.3.11',
149 silly addNameRange     '2.3.12',
149 silly addNameRange     '2.4.0',
149 silly addNameRange     '2.4.1',
149 silly addNameRange     '2.4.2',
149 silly addNameRange     '2.4.3',
149 silly addNameRange     '2.4.4',
149 silly addNameRange     '2.4.5',
149 silly addNameRange     '2.4.6',
149 silly addNameRange     '2.4.7',
149 silly addNameRange     '2.5.0',
149 silly addNameRange     '2.5.1',
149 silly addNameRange     '2.5.2',
149 silly addNameRange     '2.5.3',
149 silly addNameRange     '2.5.4',
149 silly addNameRange     '2.5.5',
149 silly addNameRange     '2.5.6',
149 silly addNameRange     '2.5.7',
149 silly addNameRange     '2.5.8',
149 silly addNameRange     '2.5.9',
149 silly addNameRange     '2.5.10',
149 silly addNameRange     '2.5.11',
149 silly addNameRange     '3.0.0',
149 silly addNameRange     '3.0.1',
149 silly addNameRange     '3.0.2',
149 silly addNameRange     '3.0.3',
149 silly addNameRange     '3.0.4',
149 silly addNameRange     '3.0.5',
149 silly addNameRange     '3.0.6',
149 silly addNameRange     '3.1.0',
149 silly addNameRange     '3.1.1',
149 silly addNameRange     '3.1.2',
149 silly addNameRange     '3.2.0',
149 silly addNameRange     '3.2.1',
149 silly addNameRange     '3.2.2',
149 silly addNameRange     '3.2.3',
149 silly addNameRange     '3.2.4',
149 silly addNameRange     '3.2.5',
149 silly addNameRange     '3.2.6',
149 silly addNameRange     '3.3.0',
149 silly addNameRange     '3.3.1',
149 silly addNameRange     '3.3.2',
149 silly addNameRange     '3.3.3',
149 silly addNameRange     '3.3.4',
149 silly addNameRange     '3.3.5',
149 silly addNameRange     '3.3.6',
149 silly addNameRange     '1.0.0-beta',
149 silly addNameRange     '1.0.0-beta2',
149 silly addNameRange     '1.0.0-rc',
149 silly addNameRange     '1.0.0-rc2',
149 silly addNameRange     '1.0.0-rc3',
149 silly addNameRange     '1.0.0-rc4',
149 silly addNameRange     '2.0.0-beta',
149 silly addNameRange     '2.0.0-beta2',
149 silly addNameRange     '2.0.0-beta3',
149 silly addNameRange     '2.0.0-rc',
149 silly addNameRange     '2.0.0-rc2',
149 silly addNameRange     '2.0.0-rc3',
149 silly addNameRange     '3.0.0-alpha1',
149 silly addNameRange     '3.0.0-alpha2',
149 silly addNameRange     '3.0.0-alpha3',
149 silly addNameRange     '3.0.0-alpha4',
149 silly addNameRange     '3.0.0-alpha5',
149 silly addNameRange     '3.0.0-beta1',
149 silly addNameRange     '3.0.0-beta2',
149 silly addNameRange     '3.0.0-beta3',
149 silly addNameRange     '3.0.0-beta4',
149 silly addNameRange     '3.0.0-beta6',
149 silly addNameRange     '3.0.0-beta7',
149 silly addNameRange     '3.0.0-rc1',
149 silly addNameRange     '3.0.0-rc2',
149 silly addNameRange     '3.0.0-rc3',
149 silly addNameRange     '3.0.0-rc4',
149 silly addNameRange     '3.0.0-rc5',
149 silly addNameRange     '3.3.7',
149 silly addNameRange     '3.3.8',
149 silly addNameRange     '3.4.0',
149 silly addNameRange     '3.4.1',
149 silly addNameRange     '3.4.2',
149 silly addNameRange     '3.4.3',
149 silly addNameRange     '3.4.4',
149 silly addNameRange     '3.4.5',
149 silly addNameRange     '3.4.6',
149 silly addNameRange     '3.4.7',
149 silly addNameRange     '3.4.8',
149 silly addNameRange     '4.0.0-rc1',
149 silly addNameRange     '4.0.0-rc2',
149 silly addNameRange     '3.5.0',
149 silly addNameRange     '4.0.0-rc3',
149 silly addNameRange     '4.0.0-rc4',
149 silly addNameRange     '3.5.1',
149 silly addNameRange     '4.0.0',
149 silly addNameRange     '3.5.2',
149 silly addNameRange     '4.1.0',
149 silly addNameRange     '4.1.1',
149 silly addNameRange     '3.5.3',
149 silly addNameRange     '4.1.2',
149 silly addNameRange     '3.6.0',
149 silly addNameRange     '4.2.0',
149 silly addNameRange     '3.7.0',
149 silly addNameRange     '3.8.0',
149 silly addNameRange     '4.3.0',
149 silly addNameRange     '4.3.1',
149 silly addNameRange     '3.8.1',
149 silly addNameRange     '4.3.2',
149 silly addNameRange     '3.9.0',
149 silly addNameRange     '4.4.0',
149 silly addNameRange     '4.4.1',
149 silly addNameRange     '3.10.0',
149 silly addNameRange     '3.10.1',
149 silly addNameRange     '3.10.2',
149 silly addNameRange     '3.10.3',
149 silly addNameRange     '3.10.4',
149 silly addNameRange     '4.4.2',
149 silly addNameRange     '3.10.5',
149 silly addNameRange     '4.4.3',
149 silly addNameRange     '3.11.0',
149 silly addNameRange     '4.4.4',
149 silly addNameRange     '3.12.0',
149 silly addNameRange     '3.12.1',
149 silly addNameRange     '4.4.5',
149 silly addNameRange     '3.13.0',
149 silly addNameRange     '4.5.0',
149 silly addNameRange     '4.5.1',
149 silly addNameRange     '3.14.0',
149 silly addNameRange     '4.6.0',
149 silly addNameRange     '4.6.1',
149 silly addNameRange     '3.15.0',
149 silly addNameRange     '4.7.0',
149 silly addNameRange     '3.15.1',
149 silly addNameRange     '4.7.1',
149 silly addNameRange     '3.15.2',
149 silly addNameRange     '4.7.2',
149 silly addNameRange     '4.7.3',
149 silly addNameRange     '3.15.3',
149 silly addNameRange     '4.7.4',
149 silly addNameRange     '3.16.0',
149 silly addNameRange     '4.8.0',
149 silly addNameRange     '3.16.1',
149 silly addNameRange     '4.8.1',
149 silly addNameRange     '3.16.2',
149 silly addNameRange     '4.8.2',
149 silly addNameRange     '3.16.3',
149 silly addNameRange     '3.16.4',
149 silly addNameRange     '4.8.3',
149 silly addNameRange     '3.16.5',
149 silly addNameRange     '3.16.6',
149 silly addNameRange     '4.8.4',
149 silly addNameRange     '3.16.7',
149 silly addNameRange     '4.8.5',
149 silly addNameRange     '3.16.8',
149 silly addNameRange     '4.8.6',
149 silly addNameRange     '3.16.9',
149 silly addNameRange     '4.8.7',
149 silly addNameRange     '3.16.10',
149 silly addNameRange     '4.8.8',
149 silly addNameRange     '3.17.0',
149 silly addNameRange     '3.17.1',
149 silly addNameRange     '4.9.0',
149 silly addNameRange     '3.17.2',
149 silly addNameRange     '4.9.1',
149 silly addNameRange     '4.9.2',
149 silly addNameRange     '3.17.3',
149 silly addNameRange     '4.9.3',
149 silly addNameRange     '3.17.4',
149 silly addNameRange     '4.9.4',
149 silly addNameRange     '3.17.5',
149 silly addNameRange     '4.9.5',
149 silly addNameRange     '3.17.6',
149 silly addNameRange     '3.17.7',
149 silly addNameRange     '4.9.6',
149 silly addNameRange     '4.9.7',
149 silly addNameRange     '3.17.8',
149 silly addNameRange     '4.9.8',
149 silly addNameRange     '3.18.0',
149 silly addNameRange     '3.18.1',
149 silly addNameRange     '4.10.0' ] ]
150 verbose addNamed [ 'express', '4.9.8' ]
151 verbose addNamed [ '4.9.8', '4.9.8' ]
152 silly lockFile 3e3a25f6-express-4-9-8 express@4.9.8
153 verbose lock express@4.9.8 /Users/VV/.npm/3e3a25f6-express-4-9-8.lock
154 silly addNameRange number 2 { name: 'body-parser',
154 silly addNameRange   range: '>=1.8.1-0 <1.9.0-0',
154 silly addNameRange   hasData: true }
155 silly addNameRange versions [ 'body-parser',
155 silly addNameRange   [ '1.0.0',
155 silly addNameRange     '1.0.1',
155 silly addNameRange     '1.0.2',
155 silly addNameRange     '1.1.0',
155 silly addNameRange     '1.1.1',
155 silly addNameRange     '1.1.2',
155 silly addNameRange     '1.2.0',
155 silly addNameRange     '1.2.1',
155 silly addNameRange     '1.2.2',
155 silly addNameRange     '1.3.0',
155 silly addNameRange     '1.3.1',
155 silly addNameRange     '1.4.0',
155 silly addNameRange     '1.4.1',
155 silly addNameRange     '1.4.2',
155 silly addNameRange     '1.4.3',
155 silly addNameRange     '1.5.0',
155 silly addNameRange     '1.5.1',
155 silly addNameRange     '1.5.2',
155 silly addNameRange     '1.6.0',
155 silly addNameRange     '1.6.1',
155 silly addNameRange     '1.6.2',
155 silly addNameRange     '1.6.3',
155 silly addNameRange     '1.6.4',
155 silly addNameRange     '1.6.5',
155 silly addNameRange     '1.6.6',
155 silly addNameRange     '1.6.7',
155 silly addNameRange     '1.7.0',
155 silly addNameRange     '1.8.0',
155 silly addNameRange     '1.8.1',
155 silly addNameRange     '1.8.2',
155 silly addNameRange     '1.8.3',
155 silly addNameRange     '1.8.4',
155 silly addNameRange     '1.9.0',
155 silly addNameRange     '1.9.1' ] ]
156 verbose addNamed [ 'body-parser', '1.8.4' ]
157 verbose addNamed [ '1.8.4', '1.8.4' ]
158 silly lockFile 5cba912c-body-parser-1-8-4 body-parser@1.8.4
159 verbose lock body-parser@1.8.4 /Users/VV/.npm/5cba912c-body-parser-1-8-4.lock
160 http 304 https://registry.npmjs.org/debug
161 silly registry.get cb [ 304,
161 silly registry.get   { date: 'Fri, 24 Oct 2014 03:47:42 GMT',
161 silly registry.get     server: 'Apache',
161 silly registry.get     via: '1.1 varnish',
161 silly registry.get     'last-modified': 'Fri, 24 Oct 2014 03:47:05 GMT',
161 silly registry.get     'cache-control': 'max-age=60',
161 silly registry.get     etag: '"5B90JMYYSU8ORPDNSDEMHWRPJ"',
161 silly registry.get     age: '46',
161 silly registry.get     'x-served-by': 'cache-dfw1822-DFW',
161 silly registry.get     'x-cache': 'HIT',
161 silly registry.get     'x-cache-hits': '4',
161 silly registry.get     'x-timer': 'S1414122462.898507,VS0,VE0',
161 silly registry.get     vary: 'Accept',
161 silly registry.get     'content-length': '0',
161 silly registry.get     'keep-alive': 'timeout=10, max=49',
161 silly registry.get     connection: 'Keep-Alive' } ]
162 verbose etag https://registry.npmjs.org/debug from cache
163 silly lockFile 58a51cf2-ody-parser-body-parser-1-8-4-tgz https://registry.npmjs.org/body-parser/-/body-parser-1.8.4.tgz
164 verbose lock https://registry.npmjs.org/body-parser/-/body-parser-1.8.4.tgz /Users/VV/.npm/58a51cf2-ody-parser-body-parser-1-8-4-tgz.lock
165 verbose addRemoteTarball [ 'https://registry.npmjs.org/body-parser/-/body-parser-1.8.4.tgz',
165 verbose addRemoteTarball   'd497e04bc13b3f9a8bd8c70bb0cdc16f2e028898' ]
166 silly lockFile 3e3a25f6-express-4-9-8 express@4.9.8
167 silly lockFile 3e3a25f6-express-4-9-8 express@4.9.8
168 silly addNameRange number 2 { name: 'debug', range: '>=2.0.0-0 <2.1.0-0', hasData: true }
169 silly addNameRange versions [ 'debug',
169 silly addNameRange   [ '0.0.1',
169 silly addNameRange     '0.1.0',
169 silly addNameRange     '0.2.0',
169 silly addNameRange     '0.3.0',
169 silly addNameRange     '0.4.0',
169 silly addNameRange     '0.4.1',
169 silly addNameRange     '0.5.0',
169 silly addNameRange     '0.6.0',
169 silly addNameRange     '0.7.0',
169 silly addNameRange     '0.7.1',
169 silly addNameRange     '0.7.2',
169 silly addNameRange     '0.7.3',
169 silly addNameRange     '0.7.4',
169 silly addNameRange     '0.8.0',
169 silly addNameRange     '0.8.1',
169 silly addNameRange     '1.0.0',
169 silly addNameRange     '1.0.1',
169 silly addNameRange     '1.0.2',
169 silly addNameRange     '1.0.3',
169 silly addNameRange     '1.0.4',
169 silly addNameRange     '2.0.0',
169 silly addNameRange     '2.1.0' ] ]
170 verbose addNamed [ 'debug', '2.0.0' ]
171 verbose addNamed [ '2.0.0', '2.0.0' ]
172 silly lockFile 095bd820-debug-2-0-0 debug@2.0.0
173 verbose lock debug@2.0.0 /Users/VV/.npm/095bd820-debug-2-0-0.lock
174 silly lockFile 6ae7fa08-express-4-9-0 express@~4.9.0
175 silly lockFile 6ae7fa08-express-4-9-0 express@~4.9.0
176 http 304 https://registry.npmjs.org/serve-favicon
177 silly registry.get cb [ 304,
177 silly registry.get   { date: 'Fri, 24 Oct 2014 03:47:42 GMT',
177 silly registry.get     server: 'Apache',
177 silly registry.get     via: '1.1 varnish',
177 silly registry.get     'last-modified': 'Fri, 24 Oct 2014 03:47:42 GMT',
177 silly registry.get     'cache-control': 'max-age=60',
177 silly registry.get     etag: '"DQNCEOV1TU804V1DNRWACLPFP"',
177 silly registry.get     age: '0',
177 silly registry.get     'x-served-by': 'cache-dfw1831-DFW',
177 silly registry.get     'x-cache': 'HIT',
177 silly registry.get     'x-cache-hits': '1',
177 silly registry.get     'x-timer': 'S1414122462.853132,VS0,VE61',
177 silly registry.get     vary: 'Accept',
177 silly registry.get     'content-length': '0',
177 silly registry.get     'keep-alive': 'timeout=10, max=50',
177 silly registry.get     connection: 'Keep-Alive' } ]
178 verbose etag https://registry.npmjs.org/serve-favicon from cache
179 silly lockFile e2182b07--npmjs-org-debug-debug-2-0-0-tgz https://registry.npmjs.org/debug/-/debug-2.0.0.tgz
180 verbose lock https://registry.npmjs.org/debug/-/debug-2.0.0.tgz /Users/VV/.npm/e2182b07--npmjs-org-debug-debug-2-0-0-tgz.lock
181 info retry fetch attempt 1 at 23:47:42
182 verbose fetch to= /var/folders/1b/d4qhgyqx6x7f_hf6d1s5_9_80000gn/T/npm-7893-w5Bilfg4/registry.npmjs.org/body-parser/-/body-parser-1.8.4.tgz
183 verbose addRemoteTarball [ 'https://registry.npmjs.org/debug/-/debug-2.0.0.tgz',
183 verbose addRemoteTarball   '89bd9df6732b51256bc6705342bba02ed12131ef' ]
184 http GET https://registry.npmjs.org/body-parser/-/body-parser-1.8.4.tgz
185 silly addNameRange number 2 { name: 'serve-favicon',
185 silly addNameRange   range: '>=2.1.3-0 <2.2.0-0',
185 silly addNameRange   hasData: true }
186 silly addNameRange versions [ 'serve-favicon',
186 silly addNameRange   [ '2.0.0',
186 silly addNameRange     '2.0.1',
186 silly addNameRange     '2.1.0',
186 silly addNameRange     '2.1.1',
186 silly addNameRange     '2.1.2',
186 silly addNameRange     '2.1.3',
186 silly addNameRange     '2.1.4',
186 silly addNameRange     '2.1.5',
186 silly addNameRange     '2.1.6' ] ]
187 verbose addNamed [ 'serve-favicon', '2.1.6' ]
188 verbose addNamed [ '2.1.6', '2.1.6' ]
189 silly lockFile 4a3fd20c-serve-favicon-2-1-6 serve-favicon@2.1.6
190 verbose lock serve-favicon@2.1.6 /Users/VV/.npm/4a3fd20c-serve-favicon-2-1-6.lock
191 info retry fetch attempt 1 at 23:47:42
192 verbose fetch to= /var/folders/1b/d4qhgyqx6x7f_hf6d1s5_9_80000gn/T/npm-7893-w5Bilfg4/registry.npmjs.org/debug/-/debug-2.0.0.tgz
193 http GET https://registry.npmjs.org/debug/-/debug-2.0.0.tgz
194 silly lockFile 620925dd--favicon-serve-favicon-2-1-6-tgz https://registry.npmjs.org/serve-favicon/-/serve-favicon-2.1.6.tgz
195 verbose lock https://registry.npmjs.org/serve-favicon/-/serve-favicon-2.1.6.tgz /Users/VV/.npm/620925dd--favicon-serve-favicon-2-1-6-tgz.lock
196 verbose addRemoteTarball [ 'https://registry.npmjs.org/serve-favicon/-/serve-favicon-2.1.6.tgz',
196 verbose addRemoteTarball   '46326a9eb64a0fa5cf012a4f85efe9fda95820e5' ]
197 info retry fetch attempt 1 at 23:47:42
198 verbose fetch to= /var/folders/1b/d4qhgyqx6x7f_hf6d1s5_9_80000gn/T/npm-7893-w5Bilfg4/registry.npmjs.org/serve-favicon/-/serve-favicon-2.1.6.tgz
199 http GET https://registry.npmjs.org/serve-favicon/-/serve-favicon-2.1.6.tgz
200 http 304 https://registry.npmjs.org/jade
201 silly registry.get cb [ 304,
201 silly registry.get   { date: 'Fri, 24 Oct 2014 03:47:42 GMT',
201 silly registry.get     server: 'Apache',
201 silly registry.get     via: '1.1 varnish',
201 silly registry.get     'last-modified': 'Fri, 24 Oct 2014 03:47:42 GMT',
201 silly registry.get     'cache-control': 'max-age=60',
201 silly registry.get     etag: '"574TTA7U5CJE1ZXHJE2S286DB"',
201 silly registry.get     age: '0',
201 silly registry.get     'x-served-by': 'cache-dfw1835-DFW',
201 silly registry.get     'x-cache': 'HIT',
201 silly registry.get     'x-cache-hits': '1',
201 silly registry.get     'x-timer': 'S1414122462.900164,VS0,VE60',
201 silly registry.get     vary: 'Accept',
201 silly registry.get     'content-length': '0',
201 silly registry.get     'keep-alive': 'timeout=10, max=49',
201 silly registry.get     connection: 'Keep-Alive' } ]
202 verbose etag https://registry.npmjs.org/jade from cache
203 silly addNameRange number 2 { name: 'jade', range: '>=1.6.0-0 <1.7.0-0', hasData: true }
204 silly addNameRange versions [ 'jade',
204 silly addNameRange   [ '0.0.1',
204 silly addNameRange     '0.0.2',
204 silly addNameRange     '0.1.0',
204 silly addNameRange     '0.2.0',
204 silly addNameRange     '0.2.1',
204 silly addNameRange     '0.2.2',
204 silly addNameRange     '0.2.3',
204 silly addNameRange     '0.2.4',
204 silly addNameRange     '0.3.0',
204 silly addNameRange     '0.4.0',
204 silly addNameRange     '0.4.1',
204 silly addNameRange     '0.5.0',
204 silly addNameRange     '0.5.1',
204 silly addNameRange     '0.5.2',
204 silly addNameRange     '0.5.3',
204 silly addNameRange     '0.5.4',
204 silly addNameRange     '0.5.5',
204 silly addNameRange     '0.5.6',
204 silly addNameRange     '0.5.7',
204 silly addNameRange     '0.6.0',
204 silly addNameRange     '0.6.1',
204 silly addNameRange     '0.6.3',
204 silly addNameRange     '0.7.0',
204 silly addNameRange     '0.7.1',
204 silly addNameRange     '0.8.0',
204 silly addNameRange     '0.8.1',
204 silly addNameRange     '0.8.2',
204 silly addNameRange     '0.8.3',
204 silly addNameRange     '0.8.4',
204 silly addNameRange     '0.8.5',
204 silly addNameRange     '0.8.6',
204 silly addNameRange     '0.8.7',
204 silly addNameRange     '0.8.8',
204 silly addNameRange     '0.8.9',
204 silly addNameRange     '0.9.0',
204 silly addNameRange     '0.9.1',
204 silly addNameRange     '0.9.2',
204 silly addNameRange     '0.9.3',
204 silly addNameRange     '0.10.0',
204 silly addNameRange     '0.10.1',
204 silly addNameRange     '0.10.2',
204 silly addNameRange     '0.10.3',
204 silly addNameRange     '0.10.4',
204 silly addNameRange     '0.10.5',
204 silly addNameRange     '0.10.6',
204 silly addNameRange     '0.10.7',
204 silly addNameRange     '0.11.0',
204 silly addNameRange     '0.11.1',
204 silly addNameRange     '0.12.0',
204 silly addNameRange     '0.12.1',
204 silly addNameRange     '0.12.2',
204 silly addNameRange     '0.12.3',
204 silly addNameRange     '0.12.4',
204 silly addNameRange     '0.13.0',
204 silly addNameRange     '0.14.0',
204 silly addNameRange     '0.14.1',
204 silly addNameRange     '0.14.2',
204 silly addNameRange     '0.15.0',
204 silly addNameRange     '0.15.1',
204 silly addNameRange     '0.15.2',
204 silly addNameRange     '0.15.3',
204 silly addNameRange     '0.15.4',
204 silly addNameRange     '0.16.0',
204 silly addNameRange     '0.16.1',
204 silly addNameRange     '0.16.2',
204 silly addNameRange     '0.16.3',
204 silly addNameRange     '0.16.4',
204 silly addNameRange     '0.17.0',
204 silly addNameRange     '0.18.0',
204 silly addNameRange     '0.19.0',
204 silly addNameRange     '0.20.0',
204 silly addNameRange     '0.20.1',
204 silly addNameRange     '0.20.2',
204 silly addNameRange     '0.20.3',
204 silly addNameRange     '0.21.0',
204 silly addNameRange     '0.22.0',
204 silly addNameRange     '0.22.1',
204 silly addNameRange     '0.23.0',
204 silly addNameRange     '0.24.0',
204 silly addNameRange     '0.25.0',
204 silly addNameRange     '0.26.0',
204 silly addNameRange     '0.26.1',
204 silly addNameRange     '0.26.2',
204 silly addNameRange     '0.26.3',
204 silly addNameRange     '0.27.0',
204 silly addNameRange     '0.27.1',
204 silly addNameRange     '0.27.2',
204 silly addNameRange     '0.27.3',
204 silly addNameRange     '0.27.4',
204 silly addNameRange     '0.27.5',
204 silly addNameRange     '0.27.6',
204 silly addNameRange     '0.27.7',
204 silly addNameRange     '0.28.0',
204 silly addNameRange     '0.28.1',
204 silly addNameRange     '0.28.2',
204 silly addNameRange     '0.29.0',
204 silly addNameRange     '0.30.0',
204 silly addNameRange     '0.31.0',
204 silly addNameRange     '0.31.1',
204 silly addNameRange     '0.31.2',
204 silly addNameRange     '0.32.0',
204 silly addNameRange     '0.33.0',
204 silly addNameRange     '0.34.0',
204 silly addNameRange     '0.34.1',
204 silly addNameRange     '0.35.0',
204 silly addNameRange     '1.0.0',
204 silly addNameRange     '1.0.1',
204 silly addNameRange     '1.0.2',
204 silly addNameRange     '1.1.0',
204 silly addNameRange     '1.1.1',
204 silly addNameRange     '1.1.2',
204 silly addNameRange     '1.1.3',
204 silly addNameRange     '1.1.4',
204 silly addNameRange     '1.1.5',
204 silly addNameRange     '1.2.0',
204 silly addNameRange     '1.3.0',
204 silly addNameRange     '1.3.1',
204 silly addNameRange     '1.4.0',
204 silly addNameRange     '1.4.1',
204 silly addNameRange     '1.4.2',
204 silly addNameRange     '1.5.0',
204 silly addNameRange     '1.6.0',
204 silly addNameRange     '1.7.0' ] ]
205 verbose addNamed [ 'jade', '1.6.0' ]
206 verbose addNamed [ '1.6.0', '1.6.0' ]
207 silly lockFile c06071bd-jade-1-6-0 jade@1.6.0
208 verbose lock jade@1.6.0 /Users/VV/.npm/c06071bd-jade-1-6-0.lock
209 silly lockFile c06071bd-jade-1-6-0 jade@1.6.0
210 silly lockFile c06071bd-jade-1-6-0 jade@1.6.0
211 silly lockFile ad8c17a8-jade-1-6-0 jade@~1.6.0
212 silly lockFile ad8c17a8-jade-1-6-0 jade@~1.6.0
213 http 304 https://registry.npmjs.org/cookie-parser
214 silly registry.get cb [ 304,
214 silly registry.get   { date: 'Fri, 24 Oct 2014 03:47:42 GMT',
214 silly registry.get     server: 'Apache',
214 silly registry.get     via: '1.1 varnish',
214 silly registry.get     'last-modified': 'Fri, 24 Oct 2014 03:47:43 GMT',
214 silly registry.get     'cache-control': 'max-age=60',
214 silly registry.get     etag: '"D2I21Z55J0M83YHA636O1DW9K"',
214 silly registry.get     age: '0',
214 silly registry.get     'x-served-by': 'cache-dfw1823-DFW',
214 silly registry.get     'x-cache': 'HIT',
214 silly registry.get     'x-cache-hits': '1',
214 silly registry.get     'x-timer': 'S1414122462.842903,VS0,VE261',
214 silly registry.get     vary: 'Accept',
214 silly registry.get     'content-length': '0',
214 silly registry.get     'keep-alive': 'timeout=10, max=50',
214 silly registry.get     connection: 'Keep-Alive' } ]
215 verbose etag https://registry.npmjs.org/cookie-parser from cache
216 silly addNameRange number 2 { name: 'cookie-parser',
216 silly addNameRange   range: '>=1.3.3-0 <1.4.0-0',
216 silly addNameRange   hasData: true }
217 silly addNameRange versions [ 'cookie-parser',
217 silly addNameRange   [ '1.0.0',
217 silly addNameRange     '1.0.1',
217 silly addNameRange     '1.1.0',
217 silly addNameRange     '1.2.0',
217 silly addNameRange     '1.3.0',
217 silly addNameRange     '1.3.1',
217 silly addNameRange     '1.3.2',
217 silly addNameRange     '1.3.3' ] ]
218 verbose addNamed [ 'cookie-parser', '1.3.3' ]
219 verbose addNamed [ '1.3.3', '1.3.3' ]
220 silly lockFile 68450bd4-cookie-parser-1-3-3 cookie-parser@1.3.3
221 verbose lock cookie-parser@1.3.3 /Users/VV/.npm/68450bd4-cookie-parser-1-3-3.lock
222 http 200 https://registry.npmjs.org/body-parser/-/body-parser-1.8.4.tgz
223 silly lockFile 864e7377-e-parser-cookie-parser-1-3-3-tgz https://registry.npmjs.org/cookie-parser/-/cookie-parser-1.3.3.tgz
224 verbose lock https://registry.npmjs.org/cookie-parser/-/cookie-parser-1.3.3.tgz /Users/VV/.npm/864e7377-e-parser-cookie-parser-1-3-3-tgz.lock
225 http 304 https://registry.npmjs.org/morgan
226 silly registry.get cb [ 304,
226 silly registry.get   { date: 'Fri, 24 Oct 2014 03:47:42 GMT',
226 silly registry.get     server: 'Apache',
226 silly registry.get     via: '1.1 varnish',
226 silly registry.get     'last-modified': 'Fri, 24 Oct 2014 03:47:43 GMT',
226 silly registry.get     'cache-control': 'max-age=60',
226 silly registry.get     etag: '"845YH9YY93XXM0OJZYG6I3IRQ"',
226 silly registry.get     age: '0',
226 silly registry.get     'x-served-by': 'cache-dfw1824-DFW',
226 silly registry.get     'x-cache': 'HIT',
226 silly registry.get     'x-cache-hits': '1',
226 silly registry.get     'x-timer': 'S1414122462.847979,VS0,VE265',
226 silly registry.get     vary: 'Accept',
226 silly registry.get     'content-length': '0',
226 silly registry.get     'keep-alive': 'timeout=10, max=50',
226 silly registry.get     connection: 'Keep-Alive' } ]
227 verbose etag https://registry.npmjs.org/morgan from cache
228 verbose addRemoteTarball [ 'https://registry.npmjs.org/cookie-parser/-/cookie-parser-1.3.3.tgz',
228 verbose addRemoteTarball   '7e3a2c745f4b460d5a340e578a0baa5d7725fe37' ]
229 info retry fetch attempt 1 at 23:47:42
230 verbose fetch to= /var/folders/1b/d4qhgyqx6x7f_hf6d1s5_9_80000gn/T/npm-7893-w5Bilfg4/registry.npmjs.org/cookie-parser/-/cookie-parser-1.3.3.tgz
231 silly lockFile 58a51cf2-ody-parser-body-parser-1-8-4-tgz https://registry.npmjs.org/body-parser/-/body-parser-1.8.4.tgz
232 silly lockFile 58a51cf2-ody-parser-body-parser-1-8-4-tgz https://registry.npmjs.org/body-parser/-/body-parser-1.8.4.tgz
233 http GET https://registry.npmjs.org/cookie-parser/-/cookie-parser-1.3.3.tgz
234 silly lockFile 5cba912c-body-parser-1-8-4 body-parser@1.8.4
235 silly lockFile 5cba912c-body-parser-1-8-4 body-parser@1.8.4
236 silly addNameRange number 2 { name: 'morgan', range: '>=1.3.0-0 <1.4.0-0', hasData: true }
237 silly addNameRange versions [ 'morgan',
237 silly addNameRange   [ '1.0.0',
237 silly addNameRange     '1.0.1',
237 silly addNameRange     '1.1.0',
237 silly addNameRange     '1.1.1',
237 silly addNameRange     '1.2.0',
237 silly addNameRange     '1.2.1',
237 silly addNameRange     '1.2.2',
237 silly addNameRange     '1.2.3',
237 silly addNameRange     '1.3.0',
237 silly addNameRange     '1.3.1',
237 silly addNameRange     '1.3.2',
237 silly addNameRange     '1.4.0',
237 silly addNameRange     '1.4.1' ] ]
238 verbose addNamed [ 'morgan', '1.3.2' ]
239 verbose addNamed [ '1.3.2', '1.3.2' ]
240 silly lockFile 7e2b41c6-morgan-1-3-2 morgan@1.3.2
241 verbose lock morgan@1.3.2 /Users/VV/.npm/7e2b41c6-morgan-1-3-2.lock
242 silly lockFile a49948c1-body-parser-1-8-1 body-parser@~1.8.1
243 silly lockFile a49948c1-body-parser-1-8-1 body-parser@~1.8.1
244 silly lockFile cac8e271-pmjs-org-morgan-morgan-1-3-2-tgz https://registry.npmjs.org/morgan/-/morgan-1.3.2.tgz
245 verbose lock https://registry.npmjs.org/morgan/-/morgan-1.3.2.tgz /Users/VV/.npm/cac8e271-pmjs-org-morgan-morgan-1-3-2-tgz.lock
246 verbose addRemoteTarball [ 'https://registry.npmjs.org/morgan/-/morgan-1.3.2.tgz',
246 verbose addRemoteTarball   'ac41aa15221ee4e5f2ac843896b6918139a18efd' ]
247 info retry fetch attempt 1 at 23:47:42
248 verbose fetch to= /var/folders/1b/d4qhgyqx6x7f_hf6d1s5_9_80000gn/T/npm-7893-w5Bilfg4/registry.npmjs.org/morgan/-/morgan-1.3.2.tgz
249 http GET https://registry.npmjs.org/morgan/-/morgan-1.3.2.tgz
250 http 200 https://registry.npmjs.org/serve-favicon/-/serve-favicon-2.1.6.tgz
251 http 200 https://registry.npmjs.org/debug/-/debug-2.0.0.tgz
252 silly lockFile 620925dd--favicon-serve-favicon-2-1-6-tgz https://registry.npmjs.org/serve-favicon/-/serve-favicon-2.1.6.tgz
253 silly lockFile 620925dd--favicon-serve-favicon-2-1-6-tgz https://registry.npmjs.org/serve-favicon/-/serve-favicon-2.1.6.tgz
254 silly lockFile 4a3fd20c-serve-favicon-2-1-6 serve-favicon@2.1.6
255 silly lockFile 4a3fd20c-serve-favicon-2-1-6 serve-favicon@2.1.6
256 silly lockFile 38295489-serve-favicon-2-1-3 serve-favicon@~2.1.3
257 silly lockFile 38295489-serve-favicon-2-1-3 serve-favicon@~2.1.3
258 silly lockFile e2182b07--npmjs-org-debug-debug-2-0-0-tgz https://registry.npmjs.org/debug/-/debug-2.0.0.tgz
259 silly lockFile e2182b07--npmjs-org-debug-debug-2-0-0-tgz https://registry.npmjs.org/debug/-/debug-2.0.0.tgz
260 silly lockFile 095bd820-debug-2-0-0 debug@2.0.0
261 silly lockFile 095bd820-debug-2-0-0 debug@2.0.0
262 silly lockFile 12b6356d-debug-2-0-0 debug@~2.0.0
263 silly lockFile 12b6356d-debug-2-0-0 debug@~2.0.0
264 http 200 https://registry.npmjs.org/cookie-parser/-/cookie-parser-1.3.3.tgz
265 http 200 https://registry.npmjs.org/morgan/-/morgan-1.3.2.tgz
266 silly lockFile 864e7377-e-parser-cookie-parser-1-3-3-tgz https://registry.npmjs.org/cookie-parser/-/cookie-parser-1.3.3.tgz
267 silly lockFile 864e7377-e-parser-cookie-parser-1-3-3-tgz https://registry.npmjs.org/cookie-parser/-/cookie-parser-1.3.3.tgz
268 silly lockFile 68450bd4-cookie-parser-1-3-3 cookie-parser@1.3.3
269 silly lockFile 68450bd4-cookie-parser-1-3-3 cookie-parser@1.3.3
270 silly lockFile bf5babd8-cookie-parser-1-3-3 cookie-parser@~1.3.3
271 silly lockFile bf5babd8-cookie-parser-1-3-3 cookie-parser@~1.3.3
272 silly lockFile cac8e271-pmjs-org-morgan-morgan-1-3-2-tgz https://registry.npmjs.org/morgan/-/morgan-1.3.2.tgz
273 silly lockFile cac8e271-pmjs-org-morgan-morgan-1-3-2-tgz https://registry.npmjs.org/morgan/-/morgan-1.3.2.tgz
274 silly lockFile 7e2b41c6-morgan-1-3-2 morgan@1.3.2
275 silly lockFile 7e2b41c6-morgan-1-3-2 morgan@1.3.2
276 silly lockFile a4a9bdf4-morgan-1-3-0 morgan@~1.3.0
277 silly lockFile a4a9bdf4-morgan-1-3-0 morgan@~1.3.0
278 error Error: EACCES, mkdir '/Users/VV/.npm/body-parser/1.8.4'
278 error  { [Error: EACCES, mkdir '/Users/VV/.npm/body-parser/1.8.4']
278 error   errno: 3,
278 error   code: 'EACCES',
278 error   path: '/Users/VV/.npm/body-parser/1.8.4',
278 error   parent: 'tryexpress' }
279 error Please try running this command again as root/Administrator.
280 error System Darwin 14.0.0
281 error command "node" "/usr/local/bin/npm" "install"
282 error cwd /Users/VV/Documents/Development/tryexpress/tryexpress
283 error node -v v0.10.32
284 error npm -v 1.4.28
285 error path /Users/VV/.npm/body-parser/1.8.4
286 error code EACCES
287 error errno 3
288 error stack Error: EACCES, mkdir '/Users/VV/.npm/body-parser/1.8.4'
289 verbose exit [ 3, true ]
